<?xml version="1.0" encoding="UTF-8"?>
<!-- Generated by org.testng.reporters.JUnitReportReporter -->
<testsuite skipped="0" hostname="DESKTOP-GNC5L7A" name="com.t.qa.testcase.HomePageTest" tests="2" failures="0" timestamp="2020-11-14T21:32:27 EST" time="16.536" errors="0">
  <testcase name="TitleValidation" time="8.741" classname="com.t.qa.testcase.HomePageTest"/>
  <system-out/>
  <testcase name="PrintTitle" time="7.795" classname="com.t.qa.testcase.HomePageTest"/>
  <system-out/>
</testsuite> <!-- com.t.qa.testcase.HomePageTest -->
