<?xml version="1.0" encoding="UTF-8"?>
<!-- Generated by org.testng.reporters.JUnitReportReporter -->
<testsuite skipped="0" hostname="DESKTOP-GNC5L7A" name="com.t.qa.testcase.EmailPageTest" tests="3" failures="0" timestamp="2020-11-15T15:13:06 EST" time="41.067" errors="0">
  <testcase name="signUpEmailTest" time="19.282" classname="com.t.qa.testcase.EmailPageTest"/>
  <system-out/>
  <testcase name="emailPageTitleTest" time="11.295" classname="com.t.qa.testcase.EmailPageTest"/>
  <system-out/>
  <testcase name="printTitleTest" time="10.490" classname="com.t.qa.testcase.EmailPageTest"/>
  <system-out/>
</testsuite> <!-- com.t.qa.testcase.EmailPageTest -->
